[server] Galaxy pre-loaded: head 5029 bytes, body 62007 bytes
Mastermind dashboard http://0.0.0.0:1702
[opencode] Starting...
[gateway] Socket open
[gateway] Disconnected
node:events:497
      throw er; // Unhandled 'error' event
      ^

Error: listen EADDRINUSE: address already in use 0.0.0.0:1704
    at Server.setupListenHandle [as _listen2] (node:net:1940:16)
    at listenInCluster (node:net:1997:12)
    at node:net:2206:7
    at process.processTicksAndRejections (node:internal/process/task_queues:90:21)
Emitted 'error' event on Server instance at:
    at emitErrorNT (node:net:1976:8)
    at process.processTicksAndRejections (node:internal/process/task_queues:90:21) {
  code: 'EADDRINUSE',
  errno: -98,
  syscall: 'listen',
  address: '0.0.0.0',
  port: 1704
}

Node.js v22.22.0
[oc-proxy] Exited: 1
node:events:497
      throw er; // Unhandled 'error' event
      ^

Error: listen EADDRINUSE: address already in use 100.111.98.27:2089
    at Server.setupListenHandle [as _listen2] (node:net:1940:16)
    at listenInCluster (node:net:1997:12)
    at node:net:2206:7
    at process.processTicksAndRejections (node:internal/process/task_queues:90:21)
Emitted 'error' event on Server instance at:
    at emitErrorNT (node:net:1976:8)
    at process.processTicksAndRejections (node:internal/process/task_queues:90:21) {
  code: 'EADDRINUSE',
  errno: -98,
  syscall: 'listen',
  address: '100.111.98.27',
  port: 2089
}

Node.js v22.22.0
[kasm-proxy] Exited: 1
[opencode] Exited: 1
[opencode] Port check OK
[gateway] Socket open
[gateway] Disconnected
[gateway] Socket open
[gateway] Disconnected
[gateway] Socket open
[gateway] Disconnected
[gateway] Socket open
[gateway] Disconnected
[gateway] Socket open
[gateway] Disconnected
[gateway] Socket open
[gateway] Disconnected
[gateway] Socket open
[gateway] Disconnected
[gateway] Socket open
[gateway] Disconnected
[gateway] Socket open
[gateway] Disconnected
[gateway] Socket open
[gateway] Disconnected
[gateway] Socket open
[gateway] Disconnected
[gateway] Socket open
[gateway] Disconnected
[gateway] Socket open
[gateway] Disconnected
[gateway] Socket open
[gateway] Disconnected
[gateway] Socket open
[gateway] Disconnected
[gateway] Socket open
[gateway] Disconnected
[gateway] Socket open
[gateway] Disconnected
[gateway] Socket open
[gateway] Disconnected
[gateway] Socket open
[gateway] Disconnected
[gateway] Socket open
[gateway] Disconnected
[gateway] Socket open
[gateway] Disconnected
[gateway] Socket open
[gateway] Disconnected
[gateway] Socket open
[gateway] Disconnected
[gateway] Socket open
[gateway] Disconnected
[gateway] Socket open
[gateway] Disconnected
[gateway] Socket open
[gateway] Disconnected
[gateway] Socket open
[gateway] Disconnected
[gateway] Socket open
[gateway] Disconnected
[gateway] Socket open
[gateway] Connected and authenticated
